2020-01-14 10:04:30,687 - Mpow - ERROR - login  - 27 - login error msg : password null verification fail
2020-01-14 10:04:30,687 - Mpow - ERROR - login  - 27 - login error msg : password null verification fail
2020-01-14 10:04:30,687 - Mpow - ERROR - login  - 27 - login error msg : password null verification fail
2020-01-14 10:04:30,687 - Mpow - ERROR - login  - 27 - login error msg : password null verification fail
2020-01-14 10:04:30,687 - Mpow - ERROR - login  - 27 - login error msg : password null verification fail
2020-01-14 10:04:30,687 - Mpow - ERROR - login  - 27 - login error msg : password null verification fail
2020-01-14 10:04:30,957 - Mpow - ERROR - test_2login  - 32 - login exception msg : 'login success' != 'password null verification fail'
- login success
+ password null verification fail

2020-01-14 10:04:30,957 - Mpow - ERROR - test_2login  - 32 - login exception msg : 'login success' != 'password null verification fail'
- login success
+ password null verification fail

2020-01-14 10:04:30,957 - Mpow - ERROR - test_2login  - 32 - login exception msg : 'login success' != 'password null verification fail'
- login success
+ password null verification fail

2020-01-14 10:04:30,957 - Mpow - ERROR - test_2login  - 32 - login exception msg : 'login success' != 'password null verification fail'
- login success
+ password null verification fail

2020-01-14 10:04:30,957 - Mpow - ERROR - test_2login  - 32 - login exception msg : 'login success' != 'password null verification fail'
- login success
+ password null verification fail

2020-01-14 10:04:30,957 - Mpow - ERROR - test_2login  - 32 - login exception msg : 'login success' != 'password null verification fail'
- login success
+ password null verification fail

2020-01-14 10:04:54,728 - Mpow - ERROR - register  - 32 - register error: not such elements
2020-01-14 10:04:54,728 - Mpow - ERROR - register  - 32 - register error: not such elements
2020-01-14 10:04:54,728 - Mpow - ERROR - register  - 32 - register error: not such elements
2020-01-14 10:04:54,728 - Mpow - ERROR - register  - 32 - register error: not such elements
2020-01-14 10:04:54,728 - Mpow - ERROR - register  - 32 - register error: not such elements
2020-01-14 10:04:54,728 - Mpow - ERROR - register  - 32 - register error: not such elements
