2019-11-01 10:02:16,635 - Mpow - INFO - register password short msg: password verification success
2019-11-01 10:02:34,841 - Mpow - INFO - register password different result: password different verification success
2019-11-01 10:02:34,841 - Mpow - INFO - register password different result: password different verification success
2019-11-01 10:02:52,671 - Mpow - INFO - login email is null msg : email null verification success
2019-11-01 10:02:52,671 - Mpow - INFO - login email is null msg : email null verification success
2019-11-01 10:02:52,671 - Mpow - INFO - login email is null msg : email null verification success
2019-11-01 10:02:52,671 - Mpow - INFO - login email is null msg : email null verification success
2019-11-01 10:03:09,486 - Mpow - INFO - login password is null msg : password null verification success
2019-11-01 10:03:09,486 - Mpow - INFO - login password is null msg : password null verification success
2019-11-01 10:03:09,486 - Mpow - INFO - login password is null msg : password null verification success
2019-11-01 10:03:09,486 - Mpow - INFO - login password is null msg : password null verification success
2019-11-01 10:03:28,819 - Mpow - INFO - login is register msg : login success
2019-11-01 10:03:28,819 - Mpow - INFO - login is register msg : login success
2019-11-01 10:03:28,819 - Mpow - INFO - login is register msg : login success
2019-11-01 10:03:28,819 - Mpow - INFO - login is register msg : login success
2019-11-01 10:04:22,495 - Mpow - INFO - login msg : login success
2019-11-01 10:04:22,495 - Mpow - INFO - login msg : login success
2019-11-01 10:04:22,495 - Mpow - INFO - login msg : login success
2019-11-01 10:04:22,495 - Mpow - INFO - login msg : login success
2019-11-01 10:04:52,868 - Mpow - INFO - return My Account msg : submit success
2019-11-01 10:04:52,868 - Mpow - INFO - return My Account msg : submit success
2019-11-01 10:04:52,868 - Mpow - INFO - return My Account msg : submit success
2019-11-01 10:04:52,868 - Mpow - INFO - return My Account msg : submit success
