2019-10-31 10:02:13,707 - Mpow - INFO - register password different result: password different verification success
2019-10-31 10:02:29,759 - Mpow - INFO - login email is null msg : email null verification success
2019-10-31 10:02:29,759 - Mpow - INFO - login email is null msg : email null verification success
2019-10-31 10:02:29,759 - Mpow - INFO - login email is null msg : email null verification success
2019-10-31 10:02:46,087 - Mpow - INFO - login password is null msg : password null verification success
2019-10-31 10:02:46,087 - Mpow - INFO - login password is null msg : password null verification success
2019-10-31 10:02:46,087 - Mpow - INFO - login password is null msg : password null verification success
2019-10-31 10:02:46,087 - Mpow - INFO - login password is null msg : password null verification success
2019-10-31 10:02:46,087 - Mpow - INFO - login password is null msg : password null verification success
2019-10-31 10:03:04,537 - Mpow - INFO - login is register msg : login success
2019-10-31 10:03:04,537 - Mpow - INFO - login is register msg : login success
2019-10-31 10:03:04,537 - Mpow - INFO - login is register msg : login success
2019-10-31 10:03:04,537 - Mpow - INFO - login is register msg : login success
2019-10-31 10:03:04,537 - Mpow - INFO - login is register msg : login success
2019-10-31 10:03:04,537 - Mpow - INFO - login is register msg : login success
2019-10-31 10:03:04,537 - Mpow - INFO - login is register msg : login success
2019-10-31 10:03:51,799 - Mpow - INFO - login msg : login success
2019-10-31 10:03:51,799 - Mpow - INFO - login msg : login success
2019-10-31 10:03:51,799 - Mpow - INFO - login msg : login success
2019-10-31 10:03:51,799 - Mpow - INFO - login msg : login success
2019-10-31 10:03:51,799 - Mpow - INFO - login msg : login success
2019-10-31 10:03:51,799 - Mpow - INFO - login msg : login success
2019-10-31 10:03:51,799 - Mpow - INFO - login msg : login success
2019-10-31 10:04:07,633 - Mpow - ERROR - register error: not such elements
2019-10-31 10:04:07,633 - Mpow - ERROR - register error: not such elements
2019-10-31 10:04:07,633 - Mpow - ERROR - register error: not such elements
2019-10-31 10:04:07,633 - Mpow - ERROR - register error: not such elements
2019-10-31 10:04:07,633 - Mpow - ERROR - register error: not such elements
2019-10-31 10:04:07,633 - Mpow - ERROR - register error: not such elements
2019-10-31 10:04:07,633 - Mpow - ERROR - register error: not such elements
