2019-10-27 10:02:05,136 - Mpow - INFO - 验证错误格式注册信息注册失败：error verification success
2019-10-27 10:02:05,136 - Mpow - INFO - 验证错误格式注册信息注册失败：error verification success
2019-10-27 10:02:44,102 - Mpow - INFO - email is null result: error verification success
2019-10-27 10:02:44,102 - Mpow - INFO - email is null result: error verification success
2019-10-27 10:03:42,447 - Mpow - INFO - password is null result: password verification success
2019-10-27 10:03:42,447 - Mpow - INFO - password is null result: password verification success
2019-10-27 10:04:21,427 - Mpow - INFO - register password short msg: password verification success
2019-10-27 10:04:21,427 - Mpow - INFO - register password short msg: password verification success
2019-10-27 10:05:19,911 - Mpow - INFO - register password different result: password different verification success
2019-10-27 10:05:19,911 - Mpow - INFO - register password different result: password different verification success
2019-10-27 10:05:56,799 - Mpow - INFO - login email is null msg : email null verification success
2019-10-27 10:05:56,799 - Mpow - INFO - login email is null msg : email null verification success
2019-10-27 10:06:38,450 - Mpow - INFO - login password is null msg : password null verification success
2019-10-27 10:06:38,450 - Mpow - INFO - login password is null msg : password null verification success
2019-10-27 10:07:38,292 - Mpow - INFO - login is register msg : login success
2019-10-27 10:07:38,292 - Mpow - INFO - login is register msg : login success
2019-10-27 10:09:24,190 - Mpow - INFO - login msg : login success
2019-10-27 10:09:24,190 - Mpow - INFO - login msg : login success
2019-10-27 10:10:27,307 - Mpow - INFO - register result: register success
2019-10-27 10:10:27,307 - Mpow - INFO - register result: register success
