2019-10-30 10:00:16,095 - Mpow - ERROR - register error: not such elements
2019-10-30 10:00:59,496 - Mpow - INFO - 验证错误格式注册信息注册失败：error verification success
2019-10-30 10:00:59,496 - Mpow - INFO - 验证错误格式注册信息注册失败：error verification success
2019-10-30 10:00:59,496 - Mpow - INFO - 验证错误格式注册信息注册失败：error verification success
2019-10-30 10:01:20,571 - Mpow - INFO - email is null result: error verification success
2019-10-30 10:01:20,571 - Mpow - INFO - email is null result: error verification success
2019-10-30 10:01:20,571 - Mpow - INFO - email is null result: error verification success
2019-10-30 10:01:38,766 - Mpow - INFO - password is null result: password verification success
2019-10-30 10:01:38,766 - Mpow - INFO - password is null result: password verification success
2019-10-30 10:01:38,766 - Mpow - INFO - password is null result: password verification success
2019-10-30 10:01:56,914 - Mpow - INFO - register password short msg: password verification success
2019-10-30 10:01:56,914 - Mpow - INFO - register password short msg: password verification success
2019-10-30 10:01:56,914 - Mpow - INFO - register password short msg: password verification success
2019-10-30 10:02:14,937 - Mpow - INFO - register password different result: password different verification success
2019-10-30 10:02:14,937 - Mpow - INFO - register password different result: password different verification success
2019-10-30 10:02:14,937 - Mpow - INFO - register password different result: password different verification success
2019-10-30 10:02:31,407 - Mpow - INFO - login email is null msg : email null verification success
2019-10-30 10:02:31,407 - Mpow - INFO - login email is null msg : email null verification success
2019-10-30 10:02:31,407 - Mpow - INFO - login email is null msg : email null verification success
2019-10-30 10:02:48,227 - Mpow - INFO - login password is null msg : password null verification success
2019-10-30 10:02:48,227 - Mpow - INFO - login password is null msg : password null verification success
2019-10-30 10:02:48,227 - Mpow - INFO - login password is null msg : password null verification success
2019-10-30 10:03:07,111 - Mpow - INFO - login is register msg : login success
2019-10-30 10:03:07,111 - Mpow - INFO - login is register msg : login success
2019-10-30 10:03:07,111 - Mpow - INFO - login is register msg : login success
2019-10-30 10:03:52,817 - Mpow - INFO - login msg : login success
2019-10-30 10:03:52,817 - Mpow - INFO - login msg : login success
2019-10-30 10:03:52,817 - Mpow - INFO - login msg : login success
2019-10-30 10:04:10,549 - Mpow - ERROR - register error: not such elements
2019-10-30 10:04:10,549 - Mpow - ERROR - register error: not such elements
2019-10-30 10:04:10,549 - Mpow - ERROR - register error: not such elements
