2019-11-02 10:01:32,260 - Mpow - INFO - email is null result: error verification success
2019-11-02 10:01:54,081 - Mpow - INFO - password is null result: password verification success
2019-11-02 10:01:54,081 - Mpow - INFO - password is null result: password verification success
2019-11-02 10:02:12,000 - Mpow - INFO - register password short msg: password verification success
2019-11-02 10:02:12,000 - Mpow - INFO - register password short msg: password verification success
2019-11-02 10:02:12,000 - Mpow - INFO - register password short msg: password verification success
2019-11-02 10:02:55,684 - Mpow - INFO - register password different result: password different verification success
2019-11-02 10:02:55,684 - Mpow - INFO - register password different result: password different verification success
2019-11-02 10:02:55,684 - Mpow - INFO - register password different result: password different verification success
2019-11-02 10:03:11,502 - Mpow - INFO - login email is null msg : email null verification success
2019-11-02 10:03:11,502 - Mpow - INFO - login email is null msg : email null verification success
2019-11-02 10:03:11,502 - Mpow - INFO - login email is null msg : email null verification success
2019-11-02 10:03:28,271 - Mpow - INFO - login password is null msg : password null verification success
2019-11-02 10:03:28,271 - Mpow - INFO - login password is null msg : password null verification success
2019-11-02 10:03:28,271 - Mpow - INFO - login password is null msg : password null verification success
2019-11-02 10:03:47,179 - Mpow - INFO - login is register msg : login success
2019-11-02 10:03:47,179 - Mpow - INFO - login is register msg : login success
2019-11-02 10:03:47,179 - Mpow - INFO - login is register msg : login success
2019-11-02 10:04:33,607 - Mpow - INFO - login msg : login success
2019-11-02 10:04:33,607 - Mpow - INFO - login msg : login success
2019-11-02 10:04:33,607 - Mpow - INFO - login msg : login success
2019-11-02 10:05:02,822 - Mpow - INFO - return My Account msg : submit success
2019-11-02 10:05:02,822 - Mpow - INFO - return My Account msg : submit success
2019-11-02 10:05:02,822 - Mpow - INFO - return My Account msg : submit success
