2019-10-22 10:02:01,858 - Mpow - INFO - 验证错误格式注册信息注册失败：error verification success
2019-10-22 10:02:01,858 - Mpow - INFO - 验证错误格式注册信息注册失败：error verification success
2019-10-22 10:03:00,001 - Mpow - INFO - email is null result: error verification success
2019-10-22 10:03:00,001 - Mpow - INFO - email is null result: error verification success
2019-10-22 10:03:40,493 - Mpow - INFO - password is null result: password verification success
2019-10-22 10:03:40,493 - Mpow - INFO - password is null result: password verification success
2019-10-22 10:04:39,036 - Mpow - INFO - register password short msg: password verification success
2019-10-22 10:04:39,036 - Mpow - INFO - register password short msg: password verification success
2019-10-22 10:05:17,552 - Mpow - INFO - register password different result: password different verification success
2019-10-22 10:05:17,552 - Mpow - INFO - register password different result: password different verification success
2019-10-22 10:05:54,288 - Mpow - INFO - login email is null msg : email null verification success
2019-10-22 10:05:54,288 - Mpow - INFO - login email is null msg : email null verification success
2019-10-22 10:06:31,200 - Mpow - INFO - login password is null msg : password null verification success
2019-10-22 10:06:31,200 - Mpow - INFO - login password is null msg : password null verification success
2019-10-22 10:07:31,855 - Mpow - INFO - login is register msg : login success
2019-10-22 10:07:31,855 - Mpow - INFO - login is register msg : login success
2019-10-22 10:09:20,633 - Mpow - INFO - login msg : login success
2019-10-22 10:09:20,633 - Mpow - INFO - login msg : login success
2019-10-22 10:10:39,341 - Mpow - INFO - register result: register success
2019-10-22 10:10:39,341 - Mpow - INFO - register result: register success
