2019-11-03 10:01:06,142 - Mpow - INFO - 验证错误格式注册信息注册失败：error verification success
2019-11-03 10:01:06,142 - Mpow - INFO - 验证错误格式注册信息注册失败：error verification success
2019-11-03 10:01:06,142 - Mpow - INFO - 验证错误格式注册信息注册失败：error verification success
2019-11-03 10:01:24,190 - Mpow - INFO - email is null result: error verification success
2019-11-03 10:01:24,190 - Mpow - INFO - email is null result: error verification success
2019-11-03 10:01:24,190 - Mpow - INFO - email is null result: error verification success
2019-11-03 10:01:42,228 - Mpow - INFO - password is null result: password verification success
2019-11-03 10:01:42,228 - Mpow - INFO - password is null result: password verification success
2019-11-03 10:01:42,228 - Mpow - INFO - password is null result: password verification success
2019-11-03 10:02:00,299 - Mpow - INFO - register password short msg: password verification success
2019-11-03 10:02:00,299 - Mpow - INFO - register password short msg: password verification success
2019-11-03 10:02:00,299 - Mpow - INFO - register password short msg: password verification success
2019-11-03 10:02:24,896 - Mpow - INFO - register password different result: password different verification success
2019-11-03 10:02:24,896 - Mpow - INFO - register password different result: password different verification success
2019-11-03 10:02:24,896 - Mpow - INFO - register password different result: password different verification success
2019-11-03 10:02:41,412 - Mpow - INFO - login email is null msg : email null verification success
2019-11-03 10:02:41,412 - Mpow - INFO - login email is null msg : email null verification success
2019-11-03 10:02:41,412 - Mpow - INFO - login email is null msg : email null verification success
2019-11-03 10:02:57,353 - Mpow - INFO - login password is null msg : password null verification success
2019-11-03 10:02:57,353 - Mpow - INFO - login password is null msg : password null verification success
2019-11-03 10:02:57,353 - Mpow - INFO - login password is null msg : password null verification success
2019-11-03 10:03:15,296 - Mpow - INFO - login is register msg : login success
2019-11-03 10:03:15,296 - Mpow - INFO - login is register msg : login success
2019-11-03 10:03:15,296 - Mpow - INFO - login is register msg : login success
2019-11-03 10:04:02,147 - Mpow - INFO - login msg : login success
2019-11-03 10:04:02,147 - Mpow - INFO - login msg : login success
2019-11-03 10:04:02,147 - Mpow - INFO - login msg : login success
2019-11-03 10:04:31,224 - Mpow - INFO - return My Account msg : submit success
2019-11-03 10:04:31,224 - Mpow - INFO - return My Account msg : submit success
2019-11-03 10:04:31,224 - Mpow - INFO - return My Account msg : submit success
