2020-01-20 10:04:35,174 - Mpow - ERROR - login error msg : password null verification fail
2020-01-20 10:04:35,174 - Mpow - ERROR - login error msg : password null verification fail
2020-01-20 10:04:35,174 - Mpow - ERROR - login error msg : password null verification fail
2020-01-20 10:04:35,174 - Mpow - ERROR - login error msg : password null verification fail
2020-01-20 10:04:35,740 - Mpow - ERROR - login exception msg : 'login success' != 'password null verification fail'
- login success
+ password null verification fail

2020-01-20 10:04:35,740 - Mpow - ERROR - login exception msg : 'login success' != 'password null verification fail'
- login success
+ password null verification fail

2020-01-20 10:04:35,740 - Mpow - ERROR - login exception msg : 'login success' != 'password null verification fail'
- login success
+ password null verification fail

2020-01-20 10:04:35,740 - Mpow - ERROR - login exception msg : 'login success' != 'password null verification fail'
- login success
+ password null verification fail

2020-01-20 10:04:57,411 - Mpow - INFO - register result: register success
2020-01-20 10:04:57,411 - Mpow - INFO - register result: register success
2020-01-20 10:04:57,411 - Mpow - INFO - register result: register success
2020-01-20 10:04:57,411 - Mpow - INFO - register result: register success
2020-01-20 10:04:57,411 - Mpow - INFO - register result: register success
2020-01-20 10:04:57,411 - Mpow - INFO - register result: register success
