2020-01-21 10:04:43,206 - Mpow - ERROR - login error msg : password null verification fail
2020-01-21 10:04:43,206 - Mpow - ERROR - login error msg : password null verification fail
2020-01-21 10:04:43,206 - Mpow - ERROR - login error msg : password null verification fail
2020-01-21 10:04:43,206 - Mpow - ERROR - login error msg : password null verification fail
2020-01-21 10:04:43,451 - Mpow - ERROR - login exception msg : 'login success' != 'password null verification fail'
- login success
+ password null verification fail

2020-01-21 10:04:43,451 - Mpow - ERROR - login exception msg : 'login success' != 'password null verification fail'
- login success
+ password null verification fail

2020-01-21 10:04:43,451 - Mpow - ERROR - login exception msg : 'login success' != 'password null verification fail'
- login success
+ password null verification fail

2020-01-21 10:04:43,451 - Mpow - ERROR - login exception msg : 'login success' != 'password null verification fail'
- login success
+ password null verification fail

2020-01-21 10:05:05,167 - Mpow - INFO - register result: register success
2020-01-21 10:05:05,167 - Mpow - INFO - register result: register success
2020-01-21 10:05:05,167 - Mpow - INFO - register result: register success
2020-01-21 10:05:05,167 - Mpow - INFO - register result: register success
2020-01-21 10:05:05,167 - Mpow - INFO - register result: register success
2020-01-21 10:05:05,167 - Mpow - INFO - register result: register success
2020-01-21 10:05:13,455 - Mpow - INFO - return My Account msg : submit success
2020-01-21 10:05:13,455 - Mpow - INFO - return My Account msg : submit success
2020-01-21 10:05:13,455 - Mpow - INFO - return My Account msg : submit success
2020-01-21 10:05:13,455 - Mpow - INFO - return My Account msg : submit success
2020-01-21 10:05:13,455 - Mpow - INFO - return My Account msg : submit success
2020-01-21 10:05:13,455 - Mpow - INFO - return My Account msg : submit success
