2020-04-08 16:02:36,085 - Mpow - INFO - login email is null msg : email null verification success
2020-04-08 16:02:36,085 - Mpow - INFO - login email is null msg : email null verification success
2020-04-08 16:02:50,696 - Mpow - INFO - login password is null msg : password null verification success
2020-04-08 16:02:50,696 - Mpow - INFO - login password is null msg : password null verification success
2020-04-08 16:02:50,696 - Mpow - INFO - login password is null msg : password null verification success
2020-04-08 16:02:50,696 - Mpow - INFO - login password is null msg : password null verification success
2020-04-08 16:03:46,991 - Mpow - ERROR - login error msg : password null verification fail
2020-04-08 16:03:46,991 - Mpow - ERROR - login error msg : password null verification fail
2020-04-08 16:03:46,991 - Mpow - ERROR - login error msg : password null verification fail
2020-04-08 16:03:46,991 - Mpow - ERROR - login error msg : password null verification fail
2020-04-08 16:03:47,236 - Mpow - ERROR - login exception msg : 'login success' != 'password null verification fail'
- login success
+ password null verification fail

2020-04-08 16:03:47,236 - Mpow - ERROR - login exception msg : 'login success' != 'password null verification fail'
- login success
+ password null verification fail

2020-04-08 16:03:47,236 - Mpow - ERROR - login exception msg : 'login success' != 'password null verification fail'
- login success
+ password null verification fail

2020-04-08 16:03:47,236 - Mpow - ERROR - login exception msg : 'login success' != 'password null verification fail'
- login success
+ password null verification fail

