2020-01-18 10:04:43,172 - Mpow - ERROR - login error msg : password null verification fail
2020-01-18 10:04:43,172 - Mpow - ERROR - login error msg : password null verification fail
2020-01-18 10:04:43,172 - Mpow - ERROR - login error msg : password null verification fail
2020-01-18 10:04:43,172 - Mpow - ERROR - login error msg : password null verification fail
2020-01-18 10:04:43,460 - Mpow - ERROR - login exception msg : 'login success' != 'password null verification fail'
- login success
+ password null verification fail

2020-01-18 10:04:43,460 - Mpow - ERROR - login exception msg : 'login success' != 'password null verification fail'
- login success
+ password null verification fail

2020-01-18 10:04:43,460 - Mpow - ERROR - login exception msg : 'login success' != 'password null verification fail'
- login success
+ password null verification fail

2020-01-18 10:04:43,460 - Mpow - ERROR - login exception msg : 'login success' != 'password null verification fail'
- login success
+ password null verification fail

2020-01-18 10:05:04,619 - Mpow - INFO - register result: register success
2020-01-18 10:05:04,619 - Mpow - INFO - register result: register success
2020-01-18 10:05:04,619 - Mpow - INFO - register result: register success
2020-01-18 10:05:04,619 - Mpow - INFO - register result: register success
2020-01-18 10:05:04,619 - Mpow - INFO - register result: register success
2020-01-18 10:05:04,619 - Mpow - INFO - register result: register success
2020-01-18 10:05:12,851 - Mpow - INFO - return My Account msg : submit success
2020-01-18 10:05:12,851 - Mpow - INFO - return My Account msg : submit success
2020-01-18 10:05:12,851 - Mpow - INFO - return My Account msg : submit success
2020-01-18 10:05:12,851 - Mpow - INFO - return My Account msg : submit success
2020-01-18 10:05:12,851 - Mpow - INFO - return My Account msg : submit success
2020-01-18 10:05:12,851 - Mpow - INFO - return My Account msg : submit success
