2020-04-08 18:17:22,451 - Mpow - INFO - login email is null msg : email null verification success
2020-04-08 18:17:22,451 - Mpow - INFO - login email is null msg : email null verification success
2020-04-08 18:17:37,289 - Mpow - INFO - login password is null msg : password null verification success
2020-04-08 18:17:37,289 - Mpow - INFO - login password is null msg : password null verification success
2020-04-08 18:17:37,289 - Mpow - INFO - login password is null msg : password null verification success
2020-04-08 18:17:37,289 - Mpow - INFO - login password is null msg : password null verification success
2020-04-08 18:18:31,087 - Mpow - ERROR - login error msg : password null verification fail
2020-04-08 18:18:31,087 - Mpow - ERROR - login error msg : password null verification fail
2020-04-08 18:18:31,087 - Mpow - ERROR - login error msg : password null verification fail
2020-04-08 18:18:31,087 - Mpow - ERROR - login error msg : password null verification fail
2020-04-08 18:18:31,087 - Mpow - ERROR - login error msg : password null verification fail
2020-04-08 18:18:31,087 - Mpow - ERROR - login error msg : password null verification fail
2020-04-08 18:18:31,351 - Mpow - ERROR - login exception msg : 'login success' != 'password null verification fail'
- login success
+ password null verification fail

2020-04-08 18:18:31,351 - Mpow - ERROR - login exception msg : 'login success' != 'password null verification fail'
- login success
+ password null verification fail

2020-04-08 18:18:31,351 - Mpow - ERROR - login exception msg : 'login success' != 'password null verification fail'
- login success
+ password null verification fail

2020-04-08 18:18:31,351 - Mpow - ERROR - login exception msg : 'login success' != 'password null verification fail'
- login success
+ password null verification fail

2020-04-08 18:18:31,351 - Mpow - ERROR - login exception msg : 'login success' != 'password null verification fail'
- login success
+ password null verification fail

2020-04-08 18:18:31,351 - Mpow - ERROR - login exception msg : 'login success' != 'password null verification fail'
- login success
+ password null verification fail

