2020-01-17 10:04:09,407 - Mpow - INFO - login is register msg : login success
2020-01-17 10:04:09,407 - Mpow - INFO - login is register msg : login success
2020-01-17 10:04:55,697 - Mpow - ERROR - login error msg : password null verification fail
2020-01-17 10:04:55,697 - Mpow - ERROR - login error msg : password null verification fail
2020-01-17 10:04:55,697 - Mpow - ERROR - login error msg : password null verification fail
2020-01-17 10:04:55,697 - Mpow - ERROR - login error msg : password null verification fail
2020-01-17 10:04:55,697 - Mpow - ERROR - login error msg : password null verification fail
2020-01-17 10:04:55,697 - Mpow - ERROR - login error msg : password null verification fail
2020-01-17 10:04:56,009 - Mpow - ERROR - login exception msg : 'login success' != 'password null verification fail'
- login success
+ password null verification fail

2020-01-17 10:04:56,009 - Mpow - ERROR - login exception msg : 'login success' != 'password null verification fail'
- login success
+ password null verification fail

2020-01-17 10:04:56,009 - Mpow - ERROR - login exception msg : 'login success' != 'password null verification fail'
- login success
+ password null verification fail

2020-01-17 10:04:56,009 - Mpow - ERROR - login exception msg : 'login success' != 'password null verification fail'
- login success
+ password null verification fail

2020-01-17 10:04:56,009 - Mpow - ERROR - login exception msg : 'login success' != 'password null verification fail'
- login success
+ password null verification fail

2020-01-17 10:04:56,009 - Mpow - ERROR - login exception msg : 'login success' != 'password null verification fail'
- login success
+ password null verification fail

2020-01-17 10:05:17,574 - Mpow - INFO - register result: register success
2020-01-17 10:05:17,574 - Mpow - INFO - register result: register success
2020-01-17 10:05:17,574 - Mpow - INFO - register result: register success
2020-01-17 10:05:17,574 - Mpow - INFO - register result: register success
2020-01-17 10:05:17,574 - Mpow - INFO - register result: register success
2020-01-17 10:05:17,574 - Mpow - INFO - register result: register success
2020-01-17 10:05:25,804 - Mpow - INFO - return My Account msg : submit success
2020-01-17 10:05:25,804 - Mpow - INFO - return My Account msg : submit success
2020-01-17 10:05:25,804 - Mpow - INFO - return My Account msg : submit success
2020-01-17 10:05:25,804 - Mpow - INFO - return My Account msg : submit success
2020-01-17 10:05:25,804 - Mpow - INFO - return My Account msg : submit success
2020-01-17 10:05:25,804 - Mpow - INFO - return My Account msg : submit success
