2020-01-12 10:00:21,220 - Mpow - INFO - register result: register success
2020-01-12 10:01:07,694 - Mpow - INFO - 验证错误格式注册信息注册失败：error verification success
2020-01-12 10:01:07,694 - Mpow - INFO - 验证错误格式注册信息注册失败：error verification success
2020-01-12 10:01:07,694 - Mpow - INFO - 验证错误格式注册信息注册失败：error verification success
2020-01-12 10:01:30,654 - Mpow - INFO - email is null result: error verification success
2020-01-12 10:01:30,654 - Mpow - INFO - email is null result: error verification success
2020-01-12 10:01:30,654 - Mpow - INFO - email is null result: error verification success
2020-01-12 10:01:54,443 - Mpow - INFO - password is null result: password verification success
2020-01-12 10:01:54,443 - Mpow - INFO - password is null result: password verification success
2020-01-12 10:01:54,443 - Mpow - INFO - password is null result: password verification success
2020-01-12 10:02:21,031 - Mpow - INFO - register password short msg: password verification success
2020-01-12 10:02:21,031 - Mpow - INFO - register password short msg: password verification success
2020-01-12 10:02:21,031 - Mpow - INFO - register password short msg: password verification success
2020-01-12 10:02:43,614 - Mpow - INFO - register password different result: password different verification success
2020-01-12 10:02:43,614 - Mpow - INFO - register password different result: password different verification success
2020-01-12 10:02:43,614 - Mpow - INFO - register password different result: password different verification success
2020-01-12 10:02:59,436 - Mpow - INFO - login email is null msg : email null verification success
2020-01-12 10:02:59,436 - Mpow - INFO - login email is null msg : email null verification success
2020-01-12 10:02:59,436 - Mpow - INFO - login email is null msg : email null verification success
2020-01-12 10:03:15,192 - Mpow - INFO - login password is null msg : password null verification success
2020-01-12 10:03:15,192 - Mpow - INFO - login password is null msg : password null verification success
2020-01-12 10:03:15,192 - Mpow - INFO - login password is null msg : password null verification success
2020-01-12 10:03:33,574 - Mpow - INFO - login is register msg : login success
2020-01-12 10:03:33,574 - Mpow - INFO - login is register msg : login success
2020-01-12 10:03:33,574 - Mpow - INFO - login is register msg : login success
2020-01-12 10:04:16,227 - Mpow - ERROR - login error msg : password null verification fail
2020-01-12 10:04:16,227 - Mpow - ERROR - login error msg : password null verification fail
2020-01-12 10:04:16,227 - Mpow - ERROR - login error msg : password null verification fail
2020-01-12 10:04:16,483 - Mpow - ERROR - login exception msg : 'login success' != 'password null verification fail'
- login success
+ password null verification fail

2020-01-12 10:04:16,483 - Mpow - ERROR - login exception msg : 'login success' != 'password null verification fail'
- login success
+ password null verification fail

2020-01-12 10:04:16,483 - Mpow - ERROR - login exception msg : 'login success' != 'password null verification fail'
- login success
+ password null verification fail

2020-01-12 10:04:37,381 - Mpow - INFO - register result: register success
2020-01-12 10:04:37,381 - Mpow - INFO - register result: register success
2020-01-12 10:04:37,381 - Mpow - INFO - register result: register success
2020-01-12 10:04:45,671 - Mpow - INFO - return My Account msg : submit success
2020-01-12 10:04:45,671 - Mpow - INFO - return My Account msg : submit success
2020-01-12 10:04:45,671 - Mpow - INFO - return My Account msg : submit success
