2020-01-08 10:02:24,464 - Mpow - INFO - register password short msg: password verification success
2020-01-08 10:02:50,592 - Mpow - INFO - register password different result: password different verification success
2020-01-08 10:02:50,592 - Mpow - INFO - register password different result: password different verification success
2020-01-08 10:03:07,232 - Mpow - INFO - login email is null msg : email null verification success
2020-01-08 10:03:07,232 - Mpow - INFO - login email is null msg : email null verification success
2020-01-08 10:03:24,059 - Mpow - INFO - login password is null msg : password null verification success
2020-01-08 10:03:24,059 - Mpow - INFO - login password is null msg : password null verification success
2020-01-08 10:03:42,343 - Mpow - INFO - login is register msg : login success
2020-01-08 10:03:42,343 - Mpow - INFO - login is register msg : login success
2020-01-08 10:04:31,244 - Mpow - ERROR - login error msg : password null verification fail
2020-01-08 10:04:31,244 - Mpow - ERROR - login error msg : password null verification fail
2020-01-08 10:04:31,536 - Mpow - ERROR - login exception msg : 'login success' != 'password null verification fail'
- login success
+ password null verification fail

2020-01-08 10:04:31,536 - Mpow - ERROR - login exception msg : 'login success' != 'password null verification fail'
- login success
+ password null verification fail

2020-01-08 10:04:53,000 - Mpow - INFO - register result: register success
2020-01-08 10:04:53,000 - Mpow - INFO - register result: register success
2020-01-08 10:05:01,383 - Mpow - INFO - return My Account msg : submit success
2020-01-08 10:05:01,383 - Mpow - INFO - return My Account msg : submit success
