2020-01-07 15:41:39,651 - Mpow - ERROR - login error msg : password null verification fail
2020-01-07 15:41:39,651 - Mpow - ERROR - login error msg : password null verification fail
2020-01-07 15:41:39,651 - Mpow - ERROR - login error msg : password null verification fail
2020-01-07 15:41:39,651 - Mpow - ERROR - login error msg : password null verification fail
2020-01-07 15:41:39,910 - Mpow - ERROR - login exception msg : 'login success' != 'password null verification fail'
- login success
+ password null verification fail

2020-01-07 15:41:39,910 - Mpow - ERROR - login exception msg : 'login success' != 'password null verification fail'
- login success
+ password null verification fail

2020-01-07 15:41:39,910 - Mpow - ERROR - login exception msg : 'login success' != 'password null verification fail'
- login success
+ password null verification fail

2020-01-07 15:41:39,910 - Mpow - ERROR - login exception msg : 'login success' != 'password null verification fail'
- login success
+ password null verification fail

2020-01-07 15:41:59,239 - Mpow - ERROR - register error: not such elements
2020-01-07 15:41:59,239 - Mpow - ERROR - register error: not such elements
2020-01-07 15:41:59,239 - Mpow - ERROR - register error: not such elements
2020-01-07 15:41:59,239 - Mpow - ERROR - register error: not such elements
2020-01-07 15:41:59,239 - Mpow - ERROR - register error: not such elements
2020-01-07 15:41:59,239 - Mpow - ERROR - register error: not such elements
