2020-01-07 18:24:07,407 - Mpow - INFO - login is register msg : login success
2020-01-07 18:24:07,407 - Mpow - INFO - login is register msg : login success
2020-01-07 18:24:56,993 - Mpow - ERROR - login error msg : password null verification fail
2020-01-07 18:24:56,993 - Mpow - ERROR - login error msg : password null verification fail
2020-01-07 18:24:56,993 - Mpow - ERROR - login error msg : password null verification fail
2020-01-07 18:24:56,993 - Mpow - ERROR - login error msg : password null verification fail
2020-01-07 18:24:56,993 - Mpow - ERROR - login error msg : password null verification fail
2020-01-07 18:24:56,993 - Mpow - ERROR - login error msg : password null verification fail
2020-01-07 18:24:57,276 - Mpow - ERROR - login exception msg : 'login success' != 'password null verification fail'
- login success
+ password null verification fail

2020-01-07 18:24:57,276 - Mpow - ERROR - login exception msg : 'login success' != 'password null verification fail'
- login success
+ password null verification fail

2020-01-07 18:24:57,276 - Mpow - ERROR - login exception msg : 'login success' != 'password null verification fail'
- login success
+ password null verification fail

2020-01-07 18:24:57,276 - Mpow - ERROR - login exception msg : 'login success' != 'password null verification fail'
- login success
+ password null verification fail

2020-01-07 18:24:57,276 - Mpow - ERROR - login exception msg : 'login success' != 'password null verification fail'
- login success
+ password null verification fail

2020-01-07 18:24:57,276 - Mpow - ERROR - login exception msg : 'login success' != 'password null verification fail'
- login success
+ password null verification fail

2020-01-07 18:25:20,348 - Mpow - INFO - register result: register success
2020-01-07 18:25:20,348 - Mpow - INFO - register result: register success
2020-01-07 18:25:20,348 - Mpow - INFO - register result: register success
2020-01-07 18:25:20,348 - Mpow - INFO - register result: register success
2020-01-07 18:25:20,348 - Mpow - INFO - register result: register success
2020-01-07 18:25:20,348 - Mpow - INFO - register result: register success
2020-01-07 18:25:28,740 - Mpow - INFO - return My Account msg : submit success
2020-01-07 18:25:28,740 - Mpow - INFO - return My Account msg : submit success
2020-01-07 18:25:28,740 - Mpow - INFO - return My Account msg : submit success
2020-01-07 18:25:28,740 - Mpow - INFO - return My Account msg : submit success
2020-01-07 18:25:28,740 - Mpow - INFO - return My Account msg : submit success
2020-01-07 18:25:28,740 - Mpow - INFO - return My Account msg : submit success
