2020-04-09 10:21:22,284 - Mpow - INFO - register result: register success
2020-04-09 10:22:07,227 - Mpow - INFO - 验证错误格式注册信息注册失败：error verification success
2020-04-09 10:22:07,227 - Mpow - INFO - 验证错误格式注册信息注册失败：error verification success
2020-04-09 10:22:07,227 - Mpow - INFO - 验证错误格式注册信息注册失败：error verification success
2020-04-09 10:22:28,652 - Mpow - INFO - email is null result: error verification success
2020-04-09 10:22:28,652 - Mpow - INFO - email is null result: error verification success
2020-04-09 10:22:28,652 - Mpow - INFO - email is null result: error verification success
2020-04-09 10:22:50,378 - Mpow - INFO - password is null result: password verification success
2020-04-09 10:22:50,378 - Mpow - INFO - password is null result: password verification success
2020-04-09 10:22:50,378 - Mpow - INFO - password is null result: password verification success
2020-04-09 10:23:13,552 - Mpow - INFO - register password short msg: password verification success
2020-04-09 10:23:13,552 - Mpow - INFO - register password short msg: password verification success
2020-04-09 10:23:13,552 - Mpow - INFO - register password short msg: password verification success
2020-04-09 10:23:35,423 - Mpow - INFO - register password different result: password different verification success
2020-04-09 10:23:35,423 - Mpow - INFO - register password different result: password different verification success
2020-04-09 10:23:35,423 - Mpow - INFO - register password different result: password different verification success
2020-04-09 10:23:49,967 - Mpow - INFO - login email is null msg : email null verification success
2020-04-09 10:23:49,967 - Mpow - INFO - login email is null msg : email null verification success
2020-04-09 10:23:49,967 - Mpow - INFO - login email is null msg : email null verification success
2020-04-09 10:24:04,983 - Mpow - INFO - login password is null msg : password null verification success
2020-04-09 10:24:04,983 - Mpow - INFO - login password is null msg : password null verification success
2020-04-09 10:24:04,983 - Mpow - INFO - login password is null msg : password null verification success
2020-04-09 10:25:00,875 - Mpow - INFO - login msg : login success
2020-04-09 10:25:00,875 - Mpow - INFO - login msg : login success
2020-04-09 10:25:00,875 - Mpow - INFO - login msg : login success
2020-04-09 10:25:23,617 - Mpow - ERROR - register error: password verification fail
2020-04-09 10:25:23,617 - Mpow - ERROR - register error: password verification fail
2020-04-09 10:25:23,617 - Mpow - ERROR - register error: password verification fail
