2020-01-14 10:00:24,789 - Mpow - ERROR - register error: not such elements
2020-01-14 10:01:12,110 - Mpow - INFO - 验证错误格式注册信息注册失败：error verification success
2020-01-14 10:01:12,110 - Mpow - INFO - 验证错误格式注册信息注册失败：error verification success
2020-01-14 10:01:12,110 - Mpow - INFO - 验证错误格式注册信息注册失败：error verification success
2020-01-14 10:01:35,136 - Mpow - INFO - email is null result: error verification success
2020-01-14 10:01:35,136 - Mpow - INFO - email is null result: error verification success
2020-01-14 10:01:35,136 - Mpow - INFO - email is null result: error verification success
2020-01-14 10:02:00,348 - Mpow - INFO - password is null result: password verification success
2020-01-14 10:02:00,348 - Mpow - INFO - password is null result: password verification success
2020-01-14 10:02:00,348 - Mpow - INFO - password is null result: password verification success
2020-01-14 10:02:23,710 - Mpow - INFO - register password short msg: password verification success
2020-01-14 10:02:23,710 - Mpow - INFO - register password short msg: password verification success
2020-01-14 10:02:23,710 - Mpow - INFO - register password short msg: password verification success
2020-01-14 10:02:48,036 - Mpow - INFO - register password different result: password different verification success
2020-01-14 10:02:48,036 - Mpow - INFO - register password different result: password different verification success
2020-01-14 10:02:48,036 - Mpow - INFO - register password different result: password different verification success
2020-01-14 10:03:04,318 - Mpow - INFO - login email is null msg : email null verification success
2020-01-14 10:03:04,318 - Mpow - INFO - login email is null msg : email null verification success
2020-01-14 10:03:04,318 - Mpow - INFO - login email is null msg : email null verification success
2020-01-14 10:03:22,427 - Mpow - INFO - login password is null msg : password null verification success
2020-01-14 10:03:22,427 - Mpow - INFO - login password is null msg : password null verification success
2020-01-14 10:03:22,427 - Mpow - INFO - login password is null msg : password null verification success
2020-01-14 10:03:41,026 - Mpow - INFO - login is register msg : login success
2020-01-14 10:03:41,026 - Mpow - INFO - login is register msg : login success
2020-01-14 10:03:41,026 - Mpow - INFO - login is register msg : login success
2020-01-14 10:04:30,687 - Mpow - ERROR - login error msg : password null verification fail
2020-01-14 10:04:30,687 - Mpow - ERROR - login error msg : password null verification fail
2020-01-14 10:04:30,687 - Mpow - ERROR - login error msg : password null verification fail
2020-01-14 10:04:30,957 - Mpow - ERROR - login exception msg : 'login success' != 'password null verification fail'
- login success
+ password null verification fail

2020-01-14 10:04:30,957 - Mpow - ERROR - login exception msg : 'login success' != 'password null verification fail'
- login success
+ password null verification fail

2020-01-14 10:04:30,957 - Mpow - ERROR - login exception msg : 'login success' != 'password null verification fail'
- login success
+ password null verification fail

2020-01-14 10:04:54,728 - Mpow - ERROR - register error: not such elements
2020-01-14 10:04:54,728 - Mpow - ERROR - register error: not such elements
2020-01-14 10:04:54,728 - Mpow - ERROR - register error: not such elements
