2020-04-09 11:10:15,672 - Mpow - INFO - login email is null msg : email null verification success
2020-04-09 11:10:15,672 - Mpow - INFO - login email is null msg : email null verification success
2020-04-09 11:10:34,523 - Mpow - INFO - login password is null msg : password null verification success
2020-04-09 11:10:34,523 - Mpow - INFO - login password is null msg : password null verification success
2020-04-09 11:10:34,523 - Mpow - INFO - login password is null msg : password null verification success
2020-04-09 11:10:34,523 - Mpow - INFO - login password is null msg : password null verification success
2020-04-09 11:11:35,473 - Mpow - INFO - login msg : login success
2020-04-09 11:11:35,473 - Mpow - INFO - login msg : login success
2020-04-09 11:11:35,473 - Mpow - INFO - login msg : login success
2020-04-09 11:11:35,473 - Mpow - INFO - login msg : login success
2020-04-09 11:11:35,473 - Mpow - INFO - login msg : login success
2020-04-09 11:11:35,473 - Mpow - INFO - login msg : login success
2020-04-09 11:11:55,648 - Mpow - INFO - register result: register success
2020-04-09 11:11:55,648 - Mpow - INFO - register result: register success
2020-04-09 11:11:55,648 - Mpow - INFO - register result: register success
2020-04-09 11:11:55,648 - Mpow - INFO - register result: register success
2020-04-09 11:11:55,648 - Mpow - INFO - register result: register success
2020-04-09 11:11:55,648 - Mpow - INFO - register result: register success
2020-04-09 11:12:02,161 - Mpow - INFO - return My Account msg : submit success
2020-04-09 11:12:02,161 - Mpow - INFO - return My Account msg : submit success
2020-04-09 11:12:02,161 - Mpow - INFO - return My Account msg : submit success
2020-04-09 11:12:02,161 - Mpow - INFO - return My Account msg : submit success
2020-04-09 11:12:02,161 - Mpow - INFO - return My Account msg : submit success
2020-04-09 11:12:02,161 - Mpow - INFO - return My Account msg : submit success
