2020-01-21 10:03:16,542 - Mpow - INFO - login email is null msg : email null verification success
2020-01-21 10:03:16,542 - Mpow - INFO - login email is null msg : email null verification success
2020-01-21 10:03:32,271 - Mpow - INFO - login password is null msg : password null verification success
2020-01-21 10:03:32,271 - Mpow - INFO - login password is null msg : password null verification success
2020-01-21 10:03:32,271 - Mpow - INFO - login password is null msg : password null verification success
2020-01-21 10:03:32,271 - Mpow - INFO - login password is null msg : password null verification success
2020-01-21 10:03:50,416 - Mpow - INFO - login is register  msg : password null verification fail
2020-01-21 10:03:50,416 - Mpow - INFO - login is register  msg : password null verification fail
2020-01-21 10:03:50,416 - Mpow - INFO - login is register  msg : password null verification fail
2020-01-21 10:03:50,416 - Mpow - INFO - login is register  msg : password null verification fail
2020-01-21 10:03:50,416 - Mpow - INFO - login is register  msg : password null verification fail
2020-01-21 10:03:50,416 - Mpow - INFO - login is register  msg : password null verification fail
2020-01-21 10:04:43,206 - Mpow - ERROR - login error msg : password null verification fail
2020-01-21 10:04:43,206 - Mpow - ERROR - login error msg : password null verification fail
2020-01-21 10:04:43,206 - Mpow - ERROR - login error msg : password null verification fail
2020-01-21 10:04:43,206 - Mpow - ERROR - login error msg : password null verification fail
2020-01-21 10:04:43,206 - Mpow - ERROR - login error msg : password null verification fail
2020-01-21 10:04:43,206 - Mpow - ERROR - login error msg : password null verification fail
2020-01-21 10:04:43,451 - Mpow - ERROR - login exception msg : 'login success' != 'password null verification fail'
- login success
+ password null verification fail

2020-01-21 10:04:43,451 - Mpow - ERROR - login exception msg : 'login success' != 'password null verification fail'
- login success
+ password null verification fail

2020-01-21 10:04:43,451 - Mpow - ERROR - login exception msg : 'login success' != 'password null verification fail'
- login success
+ password null verification fail

2020-01-21 10:04:43,451 - Mpow - ERROR - login exception msg : 'login success' != 'password null verification fail'
- login success
+ password null verification fail

2020-01-21 10:04:43,451 - Mpow - ERROR - login exception msg : 'login success' != 'password null verification fail'
- login success
+ password null verification fail

2020-01-21 10:04:43,451 - Mpow - ERROR - login exception msg : 'login success' != 'password null verification fail'
- login success
+ password null verification fail

2020-01-21 10:05:05,167 - Mpow - INFO - register result: register success
2020-01-21 10:05:05,167 - Mpow - INFO - register result: register success
2020-01-21 10:05:05,167 - Mpow - INFO - register result: register success
2020-01-21 10:05:05,167 - Mpow - INFO - register result: register success
2020-01-21 10:05:05,167 - Mpow - INFO - register result: register success
2020-01-21 10:05:05,167 - Mpow - INFO - register result: register success
2020-01-21 10:05:13,455 - Mpow - INFO - return My Account msg : submit success
2020-01-21 10:05:13,455 - Mpow - INFO - return My Account msg : submit success
2020-01-21 10:05:13,455 - Mpow - INFO - return My Account msg : submit success
2020-01-21 10:05:13,455 - Mpow - INFO - return My Account msg : submit success
2020-01-21 10:05:13,455 - Mpow - INFO - return My Account msg : submit success
2020-01-21 10:05:13,455 - Mpow - INFO - return My Account msg : submit success
