2020-04-08 18:15:19,868 - Mpow - INFO - login email is null msg : email null verification success
2020-04-08 18:15:19,868 - Mpow - INFO - login email is null msg : email null verification success
2020-04-08 18:15:36,220 - Mpow - INFO - login password is null msg : password null verification success
2020-04-08 18:15:36,220 - Mpow - INFO - login password is null msg : password null verification success
2020-04-08 18:15:36,220 - Mpow - INFO - login password is null msg : password null verification success
2020-04-08 18:15:36,220 - Mpow - INFO - login password is null msg : password null verification success
2020-04-08 18:16:32,108 - Mpow - ERROR - login error msg : password null verification fail
2020-04-08 18:16:32,108 - Mpow - ERROR - login error msg : password null verification fail
2020-04-08 18:16:32,108 - Mpow - ERROR - login error msg : password null verification fail
2020-04-08 18:16:32,108 - Mpow - ERROR - login error msg : password null verification fail
2020-04-08 18:16:32,108 - Mpow - ERROR - login error msg : password null verification fail
2020-04-08 18:16:32,108 - Mpow - ERROR - login error msg : password null verification fail
2020-04-08 18:16:32,540 - Mpow - ERROR - login exception msg : 'login success' != 'password null verification fail'
- login success
+ password null verification fail

2020-04-08 18:16:32,540 - Mpow - ERROR - login exception msg : 'login success' != 'password null verification fail'
- login success
+ password null verification fail

2020-04-08 18:16:32,540 - Mpow - ERROR - login exception msg : 'login success' != 'password null verification fail'
- login success
+ password null verification fail

2020-04-08 18:16:32,540 - Mpow - ERROR - login exception msg : 'login success' != 'password null verification fail'
- login success
+ password null verification fail

2020-04-08 18:16:32,540 - Mpow - ERROR - login exception msg : 'login success' != 'password null verification fail'
- login success
+ password null verification fail

2020-04-08 18:16:32,540 - Mpow - ERROR - login exception msg : 'login success' != 'password null verification fail'
- login success
+ password null verification fail

