2020-01-18 10:03:16,895 - Mpow - INFO - login email is null msg : email null verification success
2020-01-18 10:03:16,895 - Mpow - INFO - login email is null msg : email null verification success
2020-01-18 10:03:33,903 - Mpow - INFO - login password is null msg : password null verification success
2020-01-18 10:03:33,903 - Mpow - INFO - login password is null msg : password null verification success
2020-01-18 10:03:33,903 - Mpow - INFO - login password is null msg : password null verification success
2020-01-18 10:03:33,903 - Mpow - INFO - login password is null msg : password null verification success
2020-01-18 10:03:54,004 - Mpow - INFO - login is register msg : login success
2020-01-18 10:03:54,004 - Mpow - INFO - login is register msg : login success
2020-01-18 10:03:54,004 - Mpow - INFO - login is register msg : login success
2020-01-18 10:03:54,004 - Mpow - INFO - login is register msg : login success
2020-01-18 10:03:54,004 - Mpow - INFO - login is register msg : login success
2020-01-18 10:03:54,004 - Mpow - INFO - login is register msg : login success
2020-01-18 10:04:43,172 - Mpow - ERROR - login error msg : password null verification fail
2020-01-18 10:04:43,172 - Mpow - ERROR - login error msg : password null verification fail
2020-01-18 10:04:43,172 - Mpow - ERROR - login error msg : password null verification fail
2020-01-18 10:04:43,172 - Mpow - ERROR - login error msg : password null verification fail
2020-01-18 10:04:43,172 - Mpow - ERROR - login error msg : password null verification fail
2020-01-18 10:04:43,172 - Mpow - ERROR - login error msg : password null verification fail
2020-01-18 10:04:43,460 - Mpow - ERROR - login exception msg : 'login success' != 'password null verification fail'
- login success
+ password null verification fail

2020-01-18 10:04:43,460 - Mpow - ERROR - login exception msg : 'login success' != 'password null verification fail'
- login success
+ password null verification fail

2020-01-18 10:04:43,460 - Mpow - ERROR - login exception msg : 'login success' != 'password null verification fail'
- login success
+ password null verification fail

2020-01-18 10:04:43,460 - Mpow - ERROR - login exception msg : 'login success' != 'password null verification fail'
- login success
+ password null verification fail

2020-01-18 10:04:43,460 - Mpow - ERROR - login exception msg : 'login success' != 'password null verification fail'
- login success
+ password null verification fail

2020-01-18 10:04:43,460 - Mpow - ERROR - login exception msg : 'login success' != 'password null verification fail'
- login success
+ password null verification fail

2020-01-18 10:05:04,619 - Mpow - INFO - register result: register success
2020-01-18 10:05:04,619 - Mpow - INFO - register result: register success
2020-01-18 10:05:04,619 - Mpow - INFO - register result: register success
2020-01-18 10:05:04,619 - Mpow - INFO - register result: register success
2020-01-18 10:05:04,619 - Mpow - INFO - register result: register success
2020-01-18 10:05:04,619 - Mpow - INFO - register result: register success
2020-01-18 10:05:12,851 - Mpow - INFO - return My Account msg : submit success
2020-01-18 10:05:12,851 - Mpow - INFO - return My Account msg : submit success
2020-01-18 10:05:12,851 - Mpow - INFO - return My Account msg : submit success
2020-01-18 10:05:12,851 - Mpow - INFO - return My Account msg : submit success
2020-01-18 10:05:12,851 - Mpow - INFO - return My Account msg : submit success
2020-01-18 10:05:12,851 - Mpow - INFO - return My Account msg : submit success
