2020-01-11 10:02:24,616 - Mpow - INFO - register password short msg: password verification success
2020-01-11 10:02:48,143 - Mpow - INFO - register password different result: password different verification success
2020-01-11 10:02:48,143 - Mpow - INFO - register password different result: password different verification success
2020-01-11 10:03:08,215 - Mpow - INFO - login email is null msg : email null verification success
2020-01-11 10:03:08,215 - Mpow - INFO - login email is null msg : email null verification success
2020-01-11 10:03:25,406 - Mpow - INFO - login password is null msg : password null verification success
2020-01-11 10:03:25,406 - Mpow - INFO - login password is null msg : password null verification success
2020-01-11 10:03:43,513 - Mpow - INFO - login is register msg : login success
2020-01-11 10:03:43,513 - Mpow - INFO - login is register msg : login success
2020-01-11 10:04:30,454 - Mpow - ERROR - login error msg : password null verification fail
2020-01-11 10:04:30,454 - Mpow - ERROR - login error msg : password null verification fail
2020-01-11 10:04:30,748 - Mpow - ERROR - login exception msg : 'login success' != 'password null verification fail'
- login success
+ password null verification fail

2020-01-11 10:04:30,748 - Mpow - ERROR - login exception msg : 'login success' != 'password null verification fail'
- login success
+ password null verification fail

2020-01-11 10:04:53,970 - Mpow - INFO - register result: register success
2020-01-11 10:04:53,970 - Mpow - INFO - register result: register success
2020-01-11 10:05:02,299 - Mpow - INFO - return My Account msg : submit success
2020-01-11 10:05:02,299 - Mpow - INFO - return My Account msg : submit success
