2020-01-09 10:01:33,320 - Mpow - INFO - email is null result: error verification success
2020-01-09 10:01:56,886 - Mpow - INFO - password is null result: password verification success
2020-01-09 10:01:56,886 - Mpow - INFO - password is null result: password verification success
2020-01-09 10:02:20,811 - Mpow - INFO - register password short msg: password verification success
2020-01-09 10:02:20,811 - Mpow - INFO - register password short msg: password verification success
2020-01-09 10:02:44,657 - Mpow - INFO - register password different result: password different verification success
2020-01-09 10:02:44,657 - Mpow - INFO - register password different result: password different verification success
2020-01-09 10:03:02,126 - Mpow - INFO - login email is null msg : email null verification success
2020-01-09 10:03:02,126 - Mpow - INFO - login email is null msg : email null verification success
2020-01-09 10:03:19,596 - Mpow - INFO - login password is null msg : password null verification success
2020-01-09 10:03:19,596 - Mpow - INFO - login password is null msg : password null verification success
2020-01-09 10:03:38,108 - Mpow - INFO - login is register msg : login success
2020-01-09 10:03:38,108 - Mpow - INFO - login is register msg : login success
2020-01-09 10:04:23,470 - Mpow - ERROR - login error msg : password null verification fail
2020-01-09 10:04:23,470 - Mpow - ERROR - login error msg : password null verification fail
2020-01-09 10:04:23,758 - Mpow - ERROR - login exception msg : 'login success' != 'password null verification fail'
- login success
+ password null verification fail

2020-01-09 10:04:23,758 - Mpow - ERROR - login exception msg : 'login success' != 'password null verification fail'
- login success
+ password null verification fail

2020-01-09 10:04:45,223 - Mpow - INFO - register result: register success
2020-01-09 10:04:45,223 - Mpow - INFO - register result: register success
2020-01-09 10:04:53,615 - Mpow - INFO - return My Account msg : submit success
2020-01-09 10:04:53,615 - Mpow - INFO - return My Account msg : submit success
