2020-01-14 10:03:22,427 - Mpow - INFO - login password is null msg : password null verification success
2020-01-14 10:03:22,427 - Mpow - INFO - login password is null msg : password null verification success
2020-01-14 10:03:41,026 - Mpow - INFO - login is register msg : login success
2020-01-14 10:03:41,026 - Mpow - INFO - login is register msg : login success
2020-01-14 10:03:41,026 - Mpow - INFO - login is register msg : login success
2020-01-14 10:03:41,026 - Mpow - INFO - login is register msg : login success
2020-01-14 10:04:30,687 - Mpow - ERROR - login error msg : password null verification fail
2020-01-14 10:04:30,687 - Mpow - ERROR - login error msg : password null verification fail
2020-01-14 10:04:30,687 - Mpow - ERROR - login error msg : password null verification fail
2020-01-14 10:04:30,687 - Mpow - ERROR - login error msg : password null verification fail
2020-01-14 10:04:30,687 - Mpow - ERROR - login error msg : password null verification fail
2020-01-14 10:04:30,687 - Mpow - ERROR - login error msg : password null verification fail
2020-01-14 10:04:30,957 - Mpow - ERROR - login exception msg : 'login success' != 'password null verification fail'
- login success
+ password null verification fail

2020-01-14 10:04:30,957 - Mpow - ERROR - login exception msg : 'login success' != 'password null verification fail'
- login success
+ password null verification fail

2020-01-14 10:04:30,957 - Mpow - ERROR - login exception msg : 'login success' != 'password null verification fail'
- login success
+ password null verification fail

2020-01-14 10:04:30,957 - Mpow - ERROR - login exception msg : 'login success' != 'password null verification fail'
- login success
+ password null verification fail

2020-01-14 10:04:30,957 - Mpow - ERROR - login exception msg : 'login success' != 'password null verification fail'
- login success
+ password null verification fail

2020-01-14 10:04:30,957 - Mpow - ERROR - login exception msg : 'login success' != 'password null verification fail'
- login success
+ password null verification fail

2020-01-14 10:04:54,728 - Mpow - ERROR - register error: not such elements
2020-01-14 10:04:54,728 - Mpow - ERROR - register error: not such elements
2020-01-14 10:04:54,728 - Mpow - ERROR - register error: not such elements
2020-01-14 10:04:54,728 - Mpow - ERROR - register error: not such elements
2020-01-14 10:04:54,728 - Mpow - ERROR - register error: not such elements
2020-01-14 10:04:54,728 - Mpow - ERROR - register error: not such elements
