2020-01-07 15:38:33,733 - Mpow - INFO - 验证错误格式注册信息注册失败：error verification success
2020-01-07 15:38:54,708 - Mpow - INFO - email is null result: error verification success
2020-01-07 15:38:54,708 - Mpow - INFO - email is null result: error verification success
2020-01-07 15:39:15,367 - Mpow - ERROR - password is null error : password verification fail
2020-01-07 15:39:15,367 - Mpow - ERROR - password is null error : password verification fail
2020-01-07 15:39:36,696 - Mpow - ERROR - register password short msg: password verification fail
2020-01-07 15:39:36,696 - Mpow - ERROR - register password short msg: password verification fail
2020-01-07 15:39:57,425 - Mpow - INFO - register password different result: password different verification success
2020-01-07 15:39:57,425 - Mpow - INFO - register password different result: password different verification success
2020-01-07 15:40:14,608 - Mpow - INFO - login email is null msg : email null verification success
2020-01-07 15:40:14,608 - Mpow - INFO - login email is null msg : email null verification success
2020-01-07 15:40:32,585 - Mpow - INFO - login password is null msg : password null verification success
2020-01-07 15:40:32,585 - Mpow - INFO - login password is null msg : password null verification success
2020-01-07 15:40:53,134 - Mpow - INFO - login is register msg : login success
2020-01-07 15:40:53,134 - Mpow - INFO - login is register msg : login success
2020-01-07 15:41:39,651 - Mpow - ERROR - login error msg : password null verification fail
2020-01-07 15:41:39,651 - Mpow - ERROR - login error msg : password null verification fail
2020-01-07 15:41:39,910 - Mpow - ERROR - login exception msg : 'login success' != 'password null verification fail'
- login success
+ password null verification fail

2020-01-07 15:41:39,910 - Mpow - ERROR - login exception msg : 'login success' != 'password null verification fail'
- login success
+ password null verification fail

2020-01-07 15:41:59,239 - Mpow - ERROR - register error: not such elements
2020-01-07 15:41:59,239 - Mpow - ERROR - register error: not such elements
