2020-01-12 10:03:15,192 - Mpow - INFO - login password is null msg : password null verification success
2020-01-12 10:03:15,192 - Mpow - INFO - login password is null msg : password null verification success
2020-01-12 10:03:33,574 - Mpow - INFO - login is register msg : login success
2020-01-12 10:03:33,574 - Mpow - INFO - login is register msg : login success
2020-01-12 10:03:33,574 - Mpow - INFO - login is register msg : login success
2020-01-12 10:03:33,574 - Mpow - INFO - login is register msg : login success
2020-01-12 10:04:16,227 - Mpow - ERROR - login error msg : password null verification fail
2020-01-12 10:04:16,227 - Mpow - ERROR - login error msg : password null verification fail
2020-01-12 10:04:16,227 - Mpow - ERROR - login error msg : password null verification fail
2020-01-12 10:04:16,227 - Mpow - ERROR - login error msg : password null verification fail
2020-01-12 10:04:16,227 - Mpow - ERROR - login error msg : password null verification fail
2020-01-12 10:04:16,227 - Mpow - ERROR - login error msg : password null verification fail
2020-01-12 10:04:16,483 - Mpow - ERROR - login exception msg : 'login success' != 'password null verification fail'
- login success
+ password null verification fail

2020-01-12 10:04:16,483 - Mpow - ERROR - login exception msg : 'login success' != 'password null verification fail'
- login success
+ password null verification fail

2020-01-12 10:04:16,483 - Mpow - ERROR - login exception msg : 'login success' != 'password null verification fail'
- login success
+ password null verification fail

2020-01-12 10:04:16,483 - Mpow - ERROR - login exception msg : 'login success' != 'password null verification fail'
- login success
+ password null verification fail

2020-01-12 10:04:16,483 - Mpow - ERROR - login exception msg : 'login success' != 'password null verification fail'
- login success
+ password null verification fail

2020-01-12 10:04:16,483 - Mpow - ERROR - login exception msg : 'login success' != 'password null verification fail'
- login success
+ password null verification fail

2020-01-12 10:04:37,381 - Mpow - INFO - register result: register success
2020-01-12 10:04:37,381 - Mpow - INFO - register result: register success
2020-01-12 10:04:37,381 - Mpow - INFO - register result: register success
2020-01-12 10:04:37,381 - Mpow - INFO - register result: register success
2020-01-12 10:04:37,381 - Mpow - INFO - register result: register success
2020-01-12 10:04:37,381 - Mpow - INFO - register result: register success
2020-01-12 10:04:45,671 - Mpow - INFO - return My Account msg : submit success
2020-01-12 10:04:45,671 - Mpow - INFO - return My Account msg : submit success
2020-01-12 10:04:45,671 - Mpow - INFO - return My Account msg : submit success
2020-01-12 10:04:45,671 - Mpow - INFO - return My Account msg : submit success
2020-01-12 10:04:45,671 - Mpow - INFO - return My Account msg : submit success
2020-01-12 10:04:45,671 - Mpow - INFO - return My Account msg : submit success
