2020-04-08 18:09:22,806 - Mpow - INFO - login email is null msg : email null verification success
2020-04-08 18:09:22,806 - Mpow - INFO - login email is null msg : email null verification success
2020-04-08 18:09:38,945 - Mpow - INFO - login password is null msg : password null verification success
2020-04-08 18:09:38,945 - Mpow - INFO - login password is null msg : password null verification success
2020-04-08 18:09:38,945 - Mpow - INFO - login password is null msg : password null verification success
2020-04-08 18:09:38,945 - Mpow - INFO - login password is null msg : password null verification success
2020-04-08 18:10:35,056 - Mpow - ERROR - login error msg : password null verification fail
2020-04-08 18:10:35,056 - Mpow - ERROR - login error msg : password null verification fail
2020-04-08 18:10:35,056 - Mpow - ERROR - login error msg : password null verification fail
2020-04-08 18:10:35,056 - Mpow - ERROR - login error msg : password null verification fail
2020-04-08 18:10:35,056 - Mpow - ERROR - login error msg : password null verification fail
2020-04-08 18:10:35,056 - Mpow - ERROR - login error msg : password null verification fail
2020-04-08 18:10:35,515 - Mpow - ERROR - login exception msg : 'login success' != 'password null verification fail'
- login success
+ password null verification fail

2020-04-08 18:10:35,515 - Mpow - ERROR - login exception msg : 'login success' != 'password null verification fail'
- login success
+ password null verification fail

2020-04-08 18:10:35,515 - Mpow - ERROR - login exception msg : 'login success' != 'password null verification fail'
- login success
+ password null verification fail

2020-04-08 18:10:35,515 - Mpow - ERROR - login exception msg : 'login success' != 'password null verification fail'
- login success
+ password null verification fail

2020-04-08 18:10:35,515 - Mpow - ERROR - login exception msg : 'login success' != 'password null verification fail'
- login success
+ password null verification fail

2020-04-08 18:10:35,515 - Mpow - ERROR - login exception msg : 'login success' != 'password null verification fail'
- login success
+ password null verification fail

