2021-04-05 09:00:30,799 - Mpow - INFO - register result: register success
2021-04-05 09:00:53,962 - Mpow - INFO - 验证错误格式注册信息注册失败：error verification success
2021-04-05 09:00:53,962 - Mpow - INFO - 验证错误格式注册信息注册失败：error verification success
2021-04-05 09:01:19,944 - Mpow - INFO - email is null result: error verification success
2021-04-05 09:01:19,944 - Mpow - INFO - email is null result: error verification success
2021-04-05 09:01:19,944 - Mpow - INFO - email is null result: error verification success
2021-04-05 09:01:45,370 - Mpow - INFO - password is null result: password different verification success
2021-04-05 09:01:45,370 - Mpow - INFO - password is null result: password different verification success
2021-04-05 09:01:45,370 - Mpow - INFO - password is null result: password different verification success
2021-04-05 09:02:10,072 - Mpow - INFO - register password short msg: password verification success
2021-04-05 09:02:10,072 - Mpow - INFO - register password short msg: password verification success
2021-04-05 09:02:10,072 - Mpow - INFO - register password short msg: password verification success
2021-04-05 09:02:31,598 - Mpow - INFO - login msg : login success
2021-04-05 09:02:31,598 - Mpow - INFO - login msg : login success
2021-04-05 09:02:31,598 - Mpow - INFO - login msg : login success
2021-04-05 09:02:53,640 - Mpow - INFO - login msg : login success
2021-04-05 09:02:53,640 - Mpow - INFO - login msg : login success
2021-04-05 09:02:53,640 - Mpow - INFO - login msg : login success
2021-04-05 09:02:53,659 - Mpow - ERROR - return My Account error msg : profile is update
2021-04-05 09:02:53,659 - Mpow - ERROR - return My Account error msg : profile is update
2021-04-05 09:02:53,659 - Mpow - ERROR - return My Account error msg : profile is update
