2021-04-02 09:00:27,473 - Mpow - INFO - register result: register success
2021-04-02 09:00:51,511 - Mpow - INFO - 验证错误格式注册信息注册失败：error verification success
2021-04-02 09:00:51,511 - Mpow - INFO - 验证错误格式注册信息注册失败：error verification success
2021-04-02 09:01:16,814 - Mpow - INFO - email is null result: error verification success
2021-04-02 09:01:16,814 - Mpow - INFO - email is null result: error verification success
2021-04-02 09:01:16,814 - Mpow - INFO - email is null result: error verification success
2021-04-02 09:01:41,652 - Mpow - INFO - password is null result: password different verification success
2021-04-02 09:01:41,652 - Mpow - INFO - password is null result: password different verification success
2021-04-02 09:01:41,652 - Mpow - INFO - password is null result: password different verification success
2021-04-02 09:02:08,042 - Mpow - INFO - register password short msg: password verification success
2021-04-02 09:02:08,042 - Mpow - INFO - register password short msg: password verification success
2021-04-02 09:02:08,042 - Mpow - INFO - register password short msg: password verification success
2021-04-02 09:02:28,454 - Mpow - INFO - login msg : login success
2021-04-02 09:02:28,454 - Mpow - INFO - login msg : login success
2021-04-02 09:02:28,454 - Mpow - INFO - login msg : login success
2021-04-02 09:02:48,730 - Mpow - INFO - login msg : login success
2021-04-02 09:02:48,730 - Mpow - INFO - login msg : login success
2021-04-02 09:02:48,730 - Mpow - INFO - login msg : login success
2021-04-02 09:02:48,749 - Mpow - ERROR - return My Account error msg : profile is update
2021-04-02 09:02:48,749 - Mpow - ERROR - return My Account error msg : profile is update
2021-04-02 09:02:48,749 - Mpow - ERROR - return My Account error msg : profile is update
